<?xml version="1.0" encoding="UTF-8"?>
<!-- Generated by org.testng.reporters.JUnitXMLReporter -->
<testsuite hostname="DESKTOP-7M3VN73" ignored="0" name="Test" tests="4" failures="0" timestamp="14 May 2019 15:44:36 GMT" time="0.049" errors="0">
  <testcase name="deleteTwitter" time="0.011" classname="qaclickacademy.RESTAPITest"/>
  <testcase name="postJira" time="0.002" classname="qaclickacademy.RESTAPITest"/>
  <testcase name="BrowserAutomation" time="0.002" classname="qaclickacademy.SelenimTest"/>
  <testcase name="elementsUI" time="0.001" classname="qaclickacademy.SelenimTest"/>
</testsuite> <!-- Test -->
