<?xml version="1.0" encoding="UTF-8"?>
<!-- Generated by org.testng.reporters.JUnitXMLReporter -->
<testsuite hostname="DESKTOP-7M3VN73" ignored="0" name="Command line test" tests="6" failures="0" timestamp="17 May 2019 12:13:47 GMT" time="0.034" errors="0">
  <testcase name="IOSApp" time="0.006" classname="qaclickacademy.AppiumTest"/>
  <testcase name="NativeAppAndroid" time="0.001" classname="qaclickacademy.AppiumTest"/>
  <testcase name="deleteTwitter" time="0.0" classname="qaclickacademy.RESTAPITest"/>
  <testcase name="postJira" time="0.0" classname="qaclickacademy.RESTAPITest"/>
  <testcase name="BrowserAutomation" time="0.0" classname="qaclickacademy.SelenimTest"/>
  <testcase name="elementsUI" time="0.001" classname="qaclickacademy.SelenimTest"/>
</testsuite> <!-- Command line test -->
