<?xml version="1.0" encoding="UTF-8"?>
<!-- Generated by org.testng.reporters.JUnitXMLReporter -->
<testsuite hostname="DESKTOP-7M3VN73" ignored="0" name="Test" tests="4" failures="0" timestamp="17 May 2019 12:14:17 GMT" time="0.024" errors="0">
  <testcase name="deleteTwitter" time="0.005" classname="qaclickacademy.RESTAPITest"/>
  <testcase name="postJira" time="0.001" classname="qaclickacademy.RESTAPITest"/>
  <testcase name="BrowserAutomation" time="0.0" classname="qaclickacademy.SelenimTest"/>
  <testcase name="elementsUI" time="0.0" classname="qaclickacademy.SelenimTest"/>
</testsuite> <!-- Test -->
