<?xml version="1.0" encoding="UTF-8"?>
<testng-results skipped="0" failed="0" ignored="0" total="6" passed="6">
  <reporter-output>
  </reporter-output>
  <suite name="Suite" duration-ms="28" started-at="2019-05-23T12:36:50Z" finished-at="2019-05-23T12:36:50Z">
    <groups>
    </groups>
    <test name="Test" duration-ms="28" started-at="2019-05-23T12:36:50Z" finished-at="2019-05-23T12:36:50Z">
      <class name="qaclickacademy.AppiumTest">
        <test-method status="PASS" signature="IOSApp()[pri:0, instance:qaclickacademy.AppiumTest@26f67b76]" name="IOSApp" duration-ms="0" started-at="2019-05-23T12:36:50Z" finished-at="2019-05-23T12:36:50Z">
          <reporter-output>
          </reporter-output>
        </test-method> <!-- IOSApp -->
        <test-method status="PASS" signature="NativeAppAndroid()[pri:0, instance:qaclickacademy.AppiumTest@26f67b76]" name="NativeAppAndroid" duration-ms="1" started-at="2019-05-23T12:36:50Z" finished-at="2019-05-23T12:36:50Z">
          <reporter-output>
          </reporter-output>
        </test-method> <!-- NativeAppAndroid -->
      </class> <!-- qaclickacademy.AppiumTest -->
      <class name="qaclickacademy.SelenimTest">
        <test-method status="PASS" signature="BrowserAutomation()[pri:0, instance:qaclickacademy.SelenimTest@97e1986]" name="BrowserAutomation" duration-ms="0" started-at="2019-05-23T12:36:50Z" finished-at="2019-05-23T12:36:50Z">
          <reporter-output>
          </reporter-output>
        </test-method> <!-- BrowserAutomation -->
        <test-method status="PASS" signature="elementsUI()[pri:0, instance:qaclickacademy.SelenimTest@97e1986]" name="elementsUI" duration-ms="0" started-at="2019-05-23T12:36:50Z" finished-at="2019-05-23T12:36:50Z">
          <reporter-output>
          </reporter-output>
        </test-method> <!-- elementsUI -->
      </class> <!-- qaclickacademy.SelenimTest -->
      <class name="qaclickacademy.RESTAPITest">
        <test-method status="PASS" signature="deleteTwitter()[pri:0, instance:qaclickacademy.RESTAPITest@3dd3bcd]" name="deleteTwitter" duration-ms="6" started-at="2019-05-23T12:36:50Z" finished-at="2019-05-23T12:36:50Z">
          <reporter-output>
          </reporter-output>
        </test-method> <!-- deleteTwitter -->
        <test-method status="PASS" signature="postJira()[pri:0, instance:qaclickacademy.RESTAPITest@3dd3bcd]" name="postJira" duration-ms="0" started-at="2019-05-23T12:36:50Z" finished-at="2019-05-23T12:36:50Z">
          <reporter-output>
          </reporter-output>
        </test-method> <!-- postJira -->
      </class> <!-- qaclickacademy.RESTAPITest -->
    </test> <!-- Test -->
  </suite> <!-- Suite -->
</testng-results>
