<?xml version="1.0" encoding="UTF-8"?>
<testng-results skipped="0" failed="0" ignored="0" total="4" passed="4">
  <reporter-output>
  </reporter-output>
  <suite name="Suite" duration-ms="24" started-at="2019-05-17T12:14:17Z" finished-at="2019-05-17T12:14:17Z">
    <groups>
    </groups>
    <test name="Test" duration-ms="24" started-at="2019-05-17T12:14:17Z" finished-at="2019-05-17T12:14:17Z">
      <class name="qaclickacademy.SelenimTest">
        <test-method status="PASS" signature="BrowserAutomation()[pri:0, instance:qaclickacademy.SelenimTest@3dd3bcd]" name="BrowserAutomation" duration-ms="0" started-at="2019-05-17T12:14:17Z" finished-at="2019-05-17T12:14:17Z">
          <reporter-output>
          </reporter-output>
        </test-method> <!-- BrowserAutomation -->
        <test-method status="PASS" signature="elementsUI()[pri:0, instance:qaclickacademy.SelenimTest@3dd3bcd]" name="elementsUI" duration-ms="0" started-at="2019-05-17T12:14:17Z" finished-at="2019-05-17T12:14:17Z">
          <reporter-output>
          </reporter-output>
        </test-method> <!-- elementsUI -->
      </class> <!-- qaclickacademy.SelenimTest -->
      <class name="qaclickacademy.RESTAPITest">
        <test-method status="PASS" signature="deleteTwitter()[pri:0, instance:qaclickacademy.RESTAPITest@12843fce]" name="deleteTwitter" duration-ms="5" started-at="2019-05-17T12:14:17Z" finished-at="2019-05-17T12:14:17Z">
          <reporter-output>
          </reporter-output>
        </test-method> <!-- deleteTwitter -->
        <test-method status="PASS" signature="postJira()[pri:0, instance:qaclickacademy.RESTAPITest@12843fce]" name="postJira" duration-ms="1" started-at="2019-05-17T12:14:17Z" finished-at="2019-05-17T12:14:17Z">
          <reporter-output>
          </reporter-output>
        </test-method> <!-- postJira -->
      </class> <!-- qaclickacademy.RESTAPITest -->
    </test> <!-- Test -->
  </suite> <!-- Suite -->
</testng-results>
